<?xml version="1.0" encoding="UTF-8"?>
<testsuite xmlns:xsi="http://www.w3.org/2001/XMLSchema-instance" xsi:noNamespaceSchemaLocation="https://maven.apache.org/surefire/maven-surefire-plugin/xsd/surefire-test-report-3.0.xsd" version="3.0" name="runner.TestRunner" time="16.881" tests="9" errors="0" skipped="0" failures="0">
  <properties>
[...]
</properties>
  <testcase name="Validar imagens da raca hound-afghan" classname="Validar imagens por raca" time="10.779">
    <system-out><![CDATA[
@BreedImages
Cenario: Validar imagens da raca hound-afghan                          &amp#27;[90m# features/breed_images.feature:9&amp#27;[0m
  &amp#27;[32mQuando &amp#27;[0m&amp#27;[32menvio uma requisicao GET para &amp#27;[0m&amp#27;[32m&amp#27;[1m"/breed/hound/afghan/images"&amp#27;[0m    &amp#27;[90m# steps.DogApiSteps.envioUmaRequisicaoGetPara(java.lang.String)&amp#27;[0m
  &amp#27;[32mE &amp#27;[0m&amp#27;[32mo corpo da resposta deve conter imagens por racas com URLs validas&amp#27;[0m &amp#27;[90m# steps.DogApiSteps.corpoDeveConterUrlsValidas()&amp#27;[0m
17:48:25.653 [main] INFO  steps.DogApiSteps - ✅ Validando status code: esperado = 200, recebido = 200
17:48:25.666 [main] INFO  steps.DogApiSteps - =========================================================
  &amp#27;[32mEntao &amp#27;[0m&amp#27;[32mo status da resposta deve ser &amp#27;[0m&amp#27;[32m&amp#27;[1m200&amp#27;[0m                              &amp#27;[90m# steps.DogApiSteps.statusRespostaDeveSer(int)&amp#27;[0m
]]></system-out>
  </testcase>
  <testcase name="Validar imagens da raca hound-basset" classname="Validar imagens por raca" time="0.591">
    <system-out><![CDATA[
@BreedImages
Cenario: Validar imagens da raca hound-basset                          &amp#27;[90m# features/breed_images.feature:14&amp#27;[0m
  &amp#27;[32mQuando &amp#27;[0m&amp#27;[32menvio uma requisicao GET para &amp#27;[0m&amp#27;[32m&amp#27;[1m"/breed/hound/basset/images"&amp#27;[0m    &amp#27;[90m# steps.DogApiSteps.envioUmaRequisicaoGetPara(java.lang.String)&amp#27;[0m
  &amp#27;[32mE &amp#27;[0m&amp#27;[32mo corpo da resposta deve conter imagens por racas com URLs validas&amp#27;[0m &amp#27;[90m# steps.DogApiSteps.corpoDeveConterUrlsValidas()&amp#27;[0m
17:48:26.269 [main] INFO  steps.DogApiSteps - ✅ Validando status code: esperado = 200, recebido = 200
17:48:26.269 [main] INFO  steps.DogApiSteps - =========================================================
  &amp#27;[32mEntao &amp#27;[0m&amp#27;[32mo status da resposta deve ser &amp#27;[0m&amp#27;[32m&amp#27;[1m200&amp#27;[0m                              &amp#27;[90m# steps.DogApiSteps.statusRespostaDeveSer(int)&amp#27;[0m
]]></system-out>
  </testcase>
  <testcase name="Validar imagens da raca hound-blood" classname="Validar imagens por raca" time="0.54">
    <system-out><![CDATA[
@BreedImages
Cenario: Validar imagens da raca hound-blood                           &amp#27;[90m# features/breed_images.feature:19&amp#27;[0m
  &amp#27;[32mQuando &amp#27;[0m&amp#27;[32menvio uma requisicao GET para &amp#27;[0m&amp#27;[32m&amp#27;[1m"/breed/hound/blood/images"&amp#27;[0m     &amp#27;[90m# steps.DogApiSteps.envioUmaRequisicaoGetPara(java.lang.String)&amp#27;[0m
  &amp#27;[32mE &amp#27;[0m&amp#27;[32mo corpo da resposta deve conter imagens por racas com URLs validas&amp#27;[0m &amp#27;[90m# steps.DogApiSteps.corpoDeveConterUrlsValidas()&amp#27;[0m
17:48:26.809 [main] INFO  steps.DogApiSteps - ✅ Validando status code: esperado = 200, recebido = 200
17:48:26.809 [main] INFO  steps.DogApiSteps - =========================================================
  &amp#27;[32mEntao &amp#27;[0m&amp#27;[32mo status da resposta deve ser &amp#27;[0m&amp#27;[32m&amp#27;[1m200&amp#27;[0m                              &amp#27;[90m# steps.DogApiSteps.statusRespostaDeveSer(int)&amp#27;[0m
]]></system-out>
  </testcase>
  <testcase name="Validar imagens da raca hound-english" classname="Validar imagens por raca" time="0.551">
    <system-out><![CDATA[
@BreedImages
Cenario: Validar imagens da raca hound-english                         &amp#27;[90m# features/breed_images.feature:24&amp#27;[0m
  &amp#27;[32mQuando &amp#27;[0m&amp#27;[32menvio uma requisicao GET para &amp#27;[0m&amp#27;[32m&amp#27;[1m"/breed/hound/english/images"&amp#27;[0m   &amp#27;[90m# steps.DogApiSteps.envioUmaRequisicaoGetPara(java.lang.String)&amp#27;[0m
  &amp#27;[32mE &amp#27;[0m&amp#27;[32mo corpo da resposta deve conter imagens por racas com URLs validas&amp#27;[0m &amp#27;[90m# steps.DogApiSteps.corpoDeveConterUrlsValidas()&amp#27;[0m
17:48:27.365 [main] INFO  steps.DogApiSteps - ✅ Validando status code: esperado = 200, recebido = 200
17:48:27.365 [main] INFO  steps.DogApiSteps - =========================================================
  &amp#27;[32mEntao &amp#27;[0m&amp#27;[32mo status da resposta deve ser &amp#27;[0m&amp#27;[32m&amp#27;[1m200&amp#27;[0m                              &amp#27;[90m# steps.DogApiSteps.statusRespostaDeveSer(int)&amp#27;[0m
]]></system-out>
  </testcase>
  <testcase name="Validar imagens da raca hound-ibizan" classname="Validar imagens por raca" time="0.577">
    <system-out><![CDATA[
@BreedImages
Cenario: Validar imagens da raca hound-ibizan                          &amp#27;[90m# features/breed_images.feature:29&amp#27;[0m
  &amp#27;[32mQuando &amp#27;[0m&amp#27;[32menvio uma requisicao GET para &amp#27;[0m&amp#27;[32m&amp#27;[1m"/breed/hound/ibizan/images"&amp#27;[0m    &amp#27;[90m# steps.DogApiSteps.envioUmaRequisicaoGetPara(java.lang.String)&amp#27;[0m
  &amp#27;[32mE &amp#27;[0m&amp#27;[32mo corpo da resposta deve conter imagens por racas com URLs validas&amp#27;[0m &amp#27;[90m# steps.DogApiSteps.corpoDeveConterUrlsValidas()&amp#27;[0m
17:48:27.943 [main] INFO  steps.DogApiSteps - ✅ Validando status code: esperado = 200, recebido = 200
17:48:27.944 [main] INFO  steps.DogApiSteps - =========================================================
  &amp#27;[32mEntao &amp#27;[0m&amp#27;[32mo status da resposta deve ser &amp#27;[0m&amp#27;[32m&amp#27;[1m200&amp#27;[0m                              &amp#27;[90m# steps.DogApiSteps.statusRespostaDeveSer(int)&amp#27;[0m
]]></system-out>
  </testcase>
  <testcase name="Validar imagens da raca hound-plott" classname="Validar imagens por raca" time="0.579">
    <system-out><![CDATA[
@BreedImages
Cenario: Validar imagens da raca hound-plott                           &amp#27;[90m# features/breed_images.feature:34&amp#27;[0m
  &amp#27;[32mQuando &amp#27;[0m&amp#27;[32menvio uma requisicao GET para &amp#27;[0m&amp#27;[32m&amp#27;[1m"/breed/hound/plott/images"&amp#27;[0m     &amp#27;[90m# steps.DogApiSteps.envioUmaRequisicaoGetPara(java.lang.String)&amp#27;[0m
  &amp#27;[32mE &amp#27;[0m&amp#27;[32mo corpo da resposta deve conter imagens por racas com URLs validas&amp#27;[0m &amp#27;[90m# steps.DogApiSteps.corpoDeveConterUrlsValidas()&amp#27;[0m
17:48:28.526 [main] INFO  steps.DogApiSteps - ✅ Validando status code: esperado = 200, recebido = 200
17:48:28.527 [main] INFO  steps.DogApiSteps - =========================================================
  &amp#27;[32mEntao &amp#27;[0m&amp#27;[32mo status da resposta deve ser &amp#27;[0m&amp#27;[32m&amp#27;[1m200&amp#27;[0m                              &amp#27;[90m# steps.DogApiSteps.statusRespostaDeveSer(int)&amp#27;[0m
]]></system-out>
  </testcase>
  <testcase name="Validar imagens da raca hound-walker" classname="Validar imagens por raca" time="0.53">
    <system-out><![CDATA[
@BreedImages
Cenario: Validar imagens da raca hound-walker                          &amp#27;[90m# features/breed_images.feature:39&amp#27;[0m
  &amp#27;[32mQuando &amp#27;[0m&amp#27;[32menvio uma requisicao GET para &amp#27;[0m&amp#27;[32m&amp#27;[1m"/breed/hound/walker/images"&amp#27;[0m    &amp#27;[90m# steps.DogApiSteps.envioUmaRequisicaoGetPara(java.lang.String)&amp#27;[0m
  &amp#27;[32mE &amp#27;[0m&amp#27;[32mo corpo da resposta deve conter imagens por racas com URLs validas&amp#27;[0m &amp#27;[90m# steps.DogApiSteps.corpoDeveConterUrlsValidas()&amp#27;[0m
17:48:29.057 [main] INFO  steps.DogApiSteps - ✅ Validando status code: esperado = 200, recebido = 200
17:48:29.057 [main] INFO  steps.DogApiSteps - =========================================================
  &amp#27;[32mEntao &amp#27;[0m&amp#27;[32mo status da resposta deve ser &amp#27;[0m&amp#27;[32m&amp#27;[1m200&amp#27;[0m                              &amp#27;[90m# steps.DogApiSteps.statusRespostaDeveSer(int)&amp#27;[0m
]]></system-out>
  </testcase>
  <testcase name="Validar imagens de raca inexistente" classname="Validar imagens por raca" time="0.496">
    <system-out><![CDATA[
@BreedImages
Cenario: Validar imagens de raca inexistente                        &amp#27;[90m# features/breed_images.feature:44&amp#27;[0m
  &amp#27;[32mQuando &amp#27;[0m&amp#27;[32menvio uma requisicao GET para &amp#27;[0m&amp#27;[32m&amp#27;[1m"/breed/hound/banana/images"&amp#27;[0m &amp#27;[90m# steps.DogApiSteps.envioUmaRequisicaoGetPara(java.lang.String)&amp#27;[0m
17:48:29.555 [main] INFO  steps.DogApiSteps - ✅ Validando status code: esperado = 404, recebido = 404
17:48:29.556 [main] INFO  steps.DogApiSteps - =========================================================
  &amp#27;[32mEntao &amp#27;[0m&amp#27;[32mo status da resposta deve ser &amp#27;[0m&amp#27;[32m&amp#27;[1m404&amp#27;[0m                           &amp#27;[90m# steps.DogApiSteps.statusRespostaDeveSer(int)&amp#27;[0m
]]></system-out>
  </testcase>
  <testcase name="Validar imagens com estrutura de URL inválida" classname="Validar imagens por raca" time="0.464">
    <system-out><![CDATA[
@BreedImages
Cenario: Validar imagens com estrutura de URL inválida        &amp#27;[90m# features/breed_images.feature:48&amp#27;[0m
  &amp#27;[32mQuando &amp#27;[0m&amp#27;[32menvio uma requisicao GET para &amp#27;[0m&amp#27;[32m&amp#27;[1m"/breed/hound//images"&amp#27;[0m &amp#27;[90m# steps.DogApiSteps.envioUmaRequisicaoGetPara(java.lang.String)&amp#27;[0m
17:48:30.019 [main] INFO  steps.DogApiSteps - ✅ Validando status code: esperado = 404, recebido = 404
17:48:30.020 [main] INFO  steps.DogApiSteps - =========================================================
  &amp#27;[32mEntao &amp#27;[0m&amp#27;[32mo status da resposta deve ser &amp#27;[0m&amp#27;[32m&amp#27;[1m404&amp#27;[0m                     &amp#27;[90m# steps.DogApiSteps.statusRespostaDeveSer(int)&amp#27;[0m
]]></system-out>
  </testcase>
</testsuite>